{
  "RSpec": {
    "coverage": {
      "/home/ville/TSOHA/mitenmeni/app/models/user.rb": [
        1,
        1,
        null,
        1,
        1,
        1,
        null,
        null,
        null,
        null,
        1,
        20,
        null,
        null,
        null,
        1,
        null,
        17,
        null,
        null,
        1,
        5,
        null,
        null,
        null,
        1,
        null,
        5,
        null,
        5,
        null,
        null,
        null,
        1,
        242,
        null,
        null,
        1,
        32,
        null,
        null,
        null,
        1,
        2,
        null,
        null,
        1,
        2,
        null,
        null,
        1,
        19,
        null,
        null,
        1,
        11,
        11,
        null,
        null,
        1,
        null,
        19,
        null,
        null,
        null
      ],
      "/home/ville/TSOHA/mitenmeni/app/models/rating.rb": [
        1,
        1,
        null,
        null,
        null,
        1,
        null,
        1,
        null,
        null,
        1,
        1,
        null,
        null,
        1,
        5,
        null,
        null,
        null,
        null,
        1,
        5,
        null,
        null,
        1,
        1,
        null,
        null,
        1,
        4,
        null,
        null,
        1,
        1,
        null,
        null,
        null,
        1,
        0,
        null,
        null,
        null,
        null,
        null,
        null,
        1,
        1,
        0,
        null,
        null
      ],
      "/home/ville/TSOHA/mitenmeni/app/helpers/application_helper.rb": [
        1,
        null
      ],
      "/home/ville/TSOHA/mitenmeni/app/helpers/friendships_helper.rb": [
        1,
        null
      ],
      "/home/ville/TSOHA/mitenmeni/app/helpers/ratings_helper.rb": [
        1,
        null
      ],
      "/home/ville/TSOHA/mitenmeni/app/helpers/users_helper.rb": [
        1,
        null
      ],
      "/home/ville/TSOHA/mitenmeni/app/controllers/friendships_controller.rb": [
        1,
        1,
        1,
        null,
        null,
        null,
        1,
        1,
        null,
        null,
        1,
        1,
        1,
        1,
        1,
        null,
        null,
        null,
        null,
        1,
        null,
        null,
        null,
        1,
        1,
        null,
        null,
        null,
        1,
        null,
        null,
        1,
        1,
        1,
        null,
        null,
        null,
        null,
        1,
        3,
        null,
        3,
        3,
        2,
        4,
        2,
        null,
        2,
        null,
        null,
        null,
        null,
        null,
        null,
        1,
        0,
        0,
        0,
        0,
        null,
        0,
        0,
        null,
        null,
        null,
        null,
        null,
        null,
        1,
        0,
        0,
        0,
        0,
        null,
        null,
        null,
        1,
        null,
        1,
        0,
        null,
        null,
        null,
        1,
        10,
        null,
        null
      ],
      "/home/ville/TSOHA/mitenmeni/app/controllers/application_controller.rb": [
        1,
        null,
        null,
        1,
        null,
        1,
        null,
        1,
        236,
        212,
        null,
        null,
        1,
        0,
        null,
        null,
        1,
        6,
        null,
        null
      ],
      "/home/ville/TSOHA/mitenmeni/app/models/friendship.rb": [
        1,
        null,
        null,
        1,
        7,
        null,
        null,
        1,
        5,
        null,
        null,
        null,
        5,
        3,
        null,
        null,
        2,
        null,
        null,
        1,
        16,
        null,
        null,
        1,
        3,
        3,
        null,
        3,
        3,
        null,
        null,
        1,
        2,
        2,
        null,
        null,
        null,
        null,
        null,
        null,
        null,
        null,
        null
      ],
      "/home/ville/TSOHA/mitenmeni/lib/place_api.rb": [
        1,
        null,
        null,
        1,
        null,
        1,
        0,
        null,
        null,
        1,
        0,
        null,
        null,
        null,
        1,
        0,
        null,
        null,
        1,
        0,
        null,
        null
      ],
      "/home/ville/TSOHA/mitenmeni/app/models/place.rb": [
        1,
        1,
        null,
        1,
        null,
        null,
        null,
        null,
        null,
        null,
        null,
        null,
        1,
        0,
        null,
        null,
        null
      ],
      "/home/ville/TSOHA/mitenmeni/app/controllers/places_controller.rb": [
        1,
        null,
        null,
        null,
        null,
        1,
        1,
        null,
        null,
        1,
        null,
        1,
        1,
        0,
        null,
        0,
        null,
        null,
        null,
        0,
        null,
        null,
        null,
        null,
        null,
        null,
        0,
        null,
        0,
        0,
        0,
        0,
        0,
        null,
        null,
        null,
        null,
        null,
        0,
        0,
        0,
        null,
        null,
        1,
        0,
        0,
        0,
        null,
        null,
        1,
        null,
        1,
        1,
        null,
        null
      ],
      "/home/ville/TSOHA/mitenmeni/app/controllers/users_controller.rb": [
        1,
        1,
        1,
        1,
        null,
        null,
        null,
        1,
        8,
        null,
        null,
        null,
        null,
        1,
        17,
        17,
        17,
        17,
        12,
        null,
        null,
        null,
        null,
        null,
        1,
        4,
        null,
        null,
        null,
        1,
        5,
        5,
        null,
        null,
        0,
        null,
        null,
        null,
        null,
        null,
        null,
        1,
        3,
        3,
        1,
        1,
        1,
        1,
        null,
        1,
        2,
        1,
        null,
        2,
        2,
        null,
        2,
        null,
        null,
        null,
        null,
        null,
        null,
        null,
        1,
        3,
        3,
        3,
        1,
        1,
        1,
        2,
        1,
        null,
        2,
        2,
        null,
        2,
        2,
        null,
        1,
        null,
        null,
        null,
        null,
        null,
        null,
        null,
        1,
        1,
        1,
        2,
        1,
        null,
        null,
        null,
        1,
        null,
        1,
        26,
        null,
        null,
        null,
        1,
        28,
        null,
        null
      ],
      "/home/ville/TSOHA/mitenmeni/app/controllers/sessions_controller.rb": [
        1,
        1,
        null,
        null,
        1,
        null,
        9,
        null,
        9,
        8,
        null,
        8,
        null,
        null,
        1,
        null,
        null,
        null,
        1,
        null,
        2,
        2,
        2,
        null,
        null
      ],
      "/home/ville/TSOHA/mitenmeni/app/controllers/frontpage_controller.rb": [
        0,
        0,
        0,
        0,
        0,
        0,
        0,
        0,
        0,
        0
      ],
      "/home/ville/TSOHA/mitenmeni/app/controllers/ratings_controller.rb": [
        0,
        0,
        0,
        0,
        0,
        0,
        0,
        0,
        0,
        0,
        0,
        0,
        0,
        0,
        0,
        0,
        0,
        0,
        0,
        0,
        0,
        0,
        0,
        0,
        0,
        0,
        0,
        0,
        0,
        0,
        0,
        0,
        0,
        0,
        0,
        0,
        0,
        0,
        0,
        0,
        0,
        0,
        0,
        0,
        0,
        0,
        0,
        0,
        0,
        0,
        0,
        0,
        0,
        0,
        0,
        0,
        0,
        0,
        0,
        0,
        0,
        0,
        0,
        0,
        0,
        0,
        0,
        0,
        0,
        0,
        0,
        0,
        0,
        0,
        0
      ],
      "/home/ville/TSOHA/mitenmeni/lib/ext/string.rb": [
        0,
        0,
        0,
        0,
        0
      ],
      "/home/ville/TSOHA/mitenmeni/lib/client_module.rb": [
        0,
        0,
        0,
        0,
        0,
        0
      ]
    },
    "timestamp": 1462128138
  }
}
