{
  "RSpec": {
    "coverage": {
      "/home/ville/TSOHA/mitenmeni/app/models/user.rb": [
        1,
        1,
        null,
        1,
        1,
        1,
        null,
        null,
        null,
        null,
        1,
        19,
        null,
        null,
        null,
        1,
        null,
        15,
        null,
        null,
        1,
        5,
        null,
        null,
        null,
        1,
        null,
        5,
        null,
        5,
        null,
        null,
        null,
        1,
        208,
        null,
        null,
        1,
        28,
        null,
        null,
        null,
        1,
        1,
        null,
        null,
        1,
        2,
        null,
        null,
        1,
        18,
        null,
        null,
        1,
        9,
        9,
        null,
        null,
        1,
        null,
        18,
        null,
        null,
        null
      ],
      "/home/ville/TSOHA/mitenmeni/app/models/rating.rb": [
        1,
        1,
        null,
        null,
        null,
        1,
        null,
        1,
        null,
        null,
        1,
        1,
        null,
        null,
        1,
        5,
        null,
        null,
        null,
        null,
        1,
        5,
        null,
        null,
        1,
        1,
        null,
        null,
        1,
        4,
        null,
        null,
        1,
        1,
        null,
        null,
        null,
        1,
        0,
        null,
        null,
        null,
        null,
        null,
        null,
        1,
        1,
        0,
        null,
        null
      ],
      "/home/ville/TSOHA/mitenmeni/app/helpers/application_helper.rb": [
        1,
        null
      ],
      "/home/ville/TSOHA/mitenmeni/app/helpers/friendships_helper.rb": [
        1,
        null
      ],
      "/home/ville/TSOHA/mitenmeni/app/helpers/ratings_helper.rb": [
        1,
        null
      ],
      "/home/ville/TSOHA/mitenmeni/app/helpers/users_helper.rb": [
        1,
        null
      ],
      "/home/ville/TSOHA/mitenmeni/app/controllers/friendships_controller.rb": [
        1,
        1,
        1,
        null,
        null,
        null,
        1,
        1,
        null,
        null,
        1,
        1,
        1,
        1,
        1,
        null,
        null,
        null,
        null,
        1,
        null,
        null,
        null,
        1,
        1,
        null,
        null,
        null,
        1,
        null,
        null,
        1,
        1,
        1,
        null,
        null,
        null,
        null,
        1,
        3,
        null,
        3,
        3,
        2,
        4,
        2,
        null,
        2,
        null,
        null,
        null,
        null,
        null,
        null,
        1,
        0,
        0,
        0,
        0,
        null,
        0,
        0,
        null,
        null,
        null,
        null,
        null,
        null,
        1,
        0,
        0,
        0,
        0,
        null,
        null,
        null,
        1,
        null,
        1,
        0,
        null,
        null,
        null,
        1,
        10,
        null,
        null
      ],
      "/home/ville/TSOHA/mitenmeni/app/controllers/application_controller.rb": [
        1,
        null,
        null,
        1,
        null,
        1,
        null,
        1,
        201,
        181,
        null,
        null,
        1,
        0,
        null,
        null,
        1,
        4,
        null,
        null
      ],
      "/home/ville/TSOHA/mitenmeni/app/models/friendship.rb": [
        1,
        null,
        null,
        1,
        7,
        null,
        null,
        1,
        5,
        null,
        null,
        null,
        5,
        3,
        null,
        null,
        2,
        null,
        null,
        1,
        15,
        null,
        null,
        1,
        3,
        3,
        null,
        3,
        3,
        null,
        null,
        1,
        2,
        2,
        null,
        null,
        null,
        null,
        null,
        null,
        null,
        null,
        null
      ],
      "/home/ville/TSOHA/mitenmeni/app/controllers/users_controller.rb": [
        1,
        1,
        1,
        1,
        null,
        null,
        null,
        1,
        7,
        null,
        null,
        null,
        null,
        1,
        16,
        16,
        16,
        16,
        11,
        null,
        null,
        null,
        null,
        null,
        1,
        4,
        null,
        null,
        null,
        1,
        4,
        4,
        null,
        null,
        0,
        null,
        null,
        null,
        null,
        null,
        null,
        1,
        3,
        3,
        1,
        1,
        1,
        1,
        null,
        1,
        2,
        1,
        null,
        2,
        2,
        null,
        2,
        null,
        null,
        null,
        null,
        null,
        null,
        null,
        1,
        3,
        3,
        3,
        1,
        1,
        1,
        2,
        1,
        null,
        2,
        2,
        null,
        2,
        2,
        null,
        1,
        null,
        null,
        null,
        null,
        null,
        null,
        null,
        1,
        0,
        0,
        0,
        0,
        null,
        null,
        null,
        1,
        null,
        1,
        23,
        null,
        null,
        null,
        1,
        28,
        null,
        null
      ],
      "/home/ville/TSOHA/mitenmeni/app/controllers/sessions_controller.rb": [
        1,
        1,
        null,
        null,
        1,
        null,
        7,
        null,
        7,
        7,
        null,
        7,
        null,
        null,
        0,
        null,
        null,
        null,
        1,
        null,
        2,
        2,
        2,
        null,
        null
      ],
      "/home/ville/TSOHA/mitenmeni/app/models/place.rb": [
        0,
        0,
        0,
        0,
        0,
        0,
        0,
        0,
        0,
        0,
        0,
        0,
        0,
        0,
        0,
        0,
        0
      ],
      "/home/ville/TSOHA/mitenmeni/app/controllers/places_controller.rb": [
        0,
        0,
        0,
        0,
        0,
        0,
        0,
        0,
        0,
        0,
        0,
        0,
        0,
        0,
        0,
        0,
        0,
        0,
        0,
        0,
        0,
        0,
        0,
        0,
        0,
        0,
        0,
        0,
        0,
        0,
        0,
        0,
        0,
        0,
        0,
        0,
        0,
        0,
        0,
        0,
        0,
        0,
        0,
        0,
        0,
        0,
        0,
        0,
        0,
        0,
        0,
        0,
        0,
        0
      ],
      "/home/ville/TSOHA/mitenmeni/app/controllers/frontpage_controller.rb": [
        0,
        0,
        0,
        0,
        0,
        0,
        0,
        0,
        0,
        0
      ],
      "/home/ville/TSOHA/mitenmeni/app/controllers/ratings_controller.rb": [
        0,
        0,
        0,
        0,
        0,
        0,
        0,
        0,
        0,
        0,
        0,
        0,
        0,
        0,
        0,
        0,
        0,
        0,
        0,
        0,
        0,
        0,
        0,
        0,
        0,
        0,
        0,
        0,
        0,
        0,
        0,
        0,
        0,
        0,
        0,
        0,
        0,
        0,
        0,
        0,
        0,
        0,
        0,
        0,
        0,
        0,
        0,
        0,
        0,
        0,
        0,
        0,
        0,
        0,
        0,
        0,
        0,
        0,
        0,
        0,
        0,
        0,
        0,
        0,
        0,
        0,
        0,
        0,
        0,
        0,
        0,
        0,
        0,
        0,
        0
      ],
      "/home/ville/TSOHA/mitenmeni/lib/ext/string.rb": [
        0,
        0,
        0,
        0,
        0
      ],
      "/home/ville/TSOHA/mitenmeni/lib/client_module.rb": [
        0,
        0,
        0,
        0,
        0,
        0
      ],
      "/home/ville/TSOHA/mitenmeni/lib/place_api.rb": [
        0,
        0,
        0,
        0,
        0,
        0,
        0,
        0,
        0,
        0,
        0,
        0,
        0,
        0,
        0,
        0,
        0,
        0,
        0,
        0,
        0,
        0
      ]
    },
    "timestamp": 1462116176
  }
}
